<?xml version="1.0" encoding="UTF-8"?>
<testng-results ignored="0" total="2" passed="2" failed="0" skipped="0">
  <reporter-output>
  </reporter-output>
  <suite started-at="2020-07-26T22:54:44Z" name="Suite" finished-at="2020-07-26T22:55:13Z" duration-ms="28382">
    <groups>
    </groups>
    <test started-at="2020-07-26T22:54:44Z" name="Test" finished-at="2020-07-26T22:55:13Z" duration-ms="28382">
      <class name="com.script.test.TestLogin">
        <test-method signature="login()[pri:0, instance:com.script.test.TestLogin@4550bb58]" started-at="2020-07-26T22:54:44Z" name="login" finished-at="2020-07-26T22:54:44Z" duration-ms="11" status="PASS">
          <reporter-output>
          </reporter-output>
        </test-method> <!-- login -->
      </class> <!-- com.script.test.TestLogin -->
      <class name="com.script.test.TestCreateCustomer">
        <test-method is-config="true" signature="openBrowser()[pri:0, instance:com.script.test.TestCreateCustomer@4ec4f3a0]" started-at="2020-07-26T22:54:44Z" name="openBrowser" finished-at="2020-07-26T22:55:03Z" duration-ms="19301" status="PASS">
          <reporter-output>
          </reporter-output>
        </test-method> <!-- openBrowser -->
        <test-method signature="customer()[pri:0, instance:com.script.test.TestCreateCustomer@4ec4f3a0]" started-at="2020-07-26T22:55:03Z" name="customer" finished-at="2020-07-26T22:55:13Z" duration-ms="9038" status="PASS">
          <reporter-output>
          </reporter-output>
        </test-method> <!-- customer -->
        <test-method is-config="true" signature="closeBrowser()[pri:0, instance:com.script.test.TestCreateCustomer@4ec4f3a0]" started-at="2020-07-26T22:55:13Z" name="closeBrowser" finished-at="2020-07-26T22:55:13Z" duration-ms="0" status="PASS">
          <reporter-output>
          </reporter-output>
        </test-method> <!-- closeBrowser -->
      </class> <!-- com.script.test.TestCreateCustomer -->
    </test> <!-- Test -->
  </suite> <!-- Suite -->
</testng-results>
